c:\users\aleksm\desktop\hexagonproject\pointcloudmanager\pointcloudmanager\debug\vc120.pdb
c:\users\aleksm\desktop\hexagonproject\pointcloudmanager\pointcloudmanager\debug\vc120.idb
c:\users\aleksm\desktop\hexagonproject\pointcloudmanager\pointcloudmanager\debug\main.obj
c:\users\aleksm\desktop\hexagonproject\pointcloudmanager\pointcloudmanager\debug\localisationdataconverter.obj
c:\users\aleksm\desktop\hexagonproject\pointcloudmanager\pointcloudmanager\debug\plyfilesmanager.obj
c:\users\aleksm\desktop\hexagonproject\pointcloudmanager\pointcloudmanager\debug\point.obj
c:\users\aleksm\desktop\hexagonproject\pointcloudmanager\pointcloudmanager\debug\restmanager.obj
c:\users\aleksm\desktop\hexagonproject\pointcloudmanager\pointcloudmanager\debug\volumecounter.obj
c:\users\aleksm\desktop\hexagonproject\pointcloudmanager\pointcloudmanager\debug\server.obj
c:\users\aleksm\desktop\hexagonproject\pointcloudmanager\pointcloudmanager\debug\customserver.obj
c:\users\aleksm\desktop\hexagonproject\pointcloudmanager\pointcloudmanager\debug\serversetup.obj
i:\code\qtprojects\implementacja\repo\pictureanalysis\pointcloudmanager\pointcloudmanager\debug\vc140.pdb
i:\code\qtprojects\implementacja\repo\pictureanalysis\pointcloudmanager\pointcloudmanager\debug\vc140.idb
i:\code\qtprojects\implementacja\repo\pictureanalysis\pointcloudmanager\pointcloudmanager\debug\main.obj
i:\code\qtprojects\implementacja\repo\pictureanalysis\pointcloudmanager\pointcloudmanager\debug\plyfilesmanager.obj
i:\code\qtprojects\implementacja\repo\pictureanalysis\pointcloudmanager\pointcloudmanager\debug\point.obj
i:\code\qtprojects\implementacja\repo\pictureanalysis\pointcloudmanager\pointcloudmanager\debug\restmanager.obj
i:\code\qtprojects\implementacja\repo\pictureanalysis\pointcloudmanager\pointcloudmanager\debug\volumecounter.obj
i:\code\qtprojects\implementacja\repo\pictureanalysis\pointcloudmanager\pointcloudmanager\debug\localisationdataconverter.obj
c:\users\aleksm\desktop\hexagonproject\pointcloudmanager\debug\pointcloudmanager.ilk
c:\users\aleksm\desktop\hexagonproject\pointcloudmanager\debug\pointcloudmanager.exe
c:\users\aleksm\desktop\hexagonproject\pointcloudmanager\debug\pointcloudmanager.pdb
i:\code\qtprojects\implementacja\repo\pictureanalysis\pointcloudmanager\pointcloudmanager\debug\customserver.obj
i:\code\qtprojects\implementacja\repo\pictureanalysis\pointcloudmanager\pointcloudmanager\debug\server.obj
i:\code\qtprojects\implementacja\repo\pictureanalysis\pointcloudmanager\pointcloudmanager\debug\serversetup.obj
i:\code\qtprojects\implementacja\repo\pictureanalysis\pointcloudmanager\pointcloudmanager\debug\vc120.idb
i:\code\qtprojects\implementacja\repo\pictureanalysis\pointcloudmanager\pointcloudmanager\debug\vc120.pdb
i:\code\qtprojects\implementacja\repo\pictureanalysis\pointcloudmanager\debug\pointcloudmanager.pdb
i:\code\qtprojects\implementacja\repo\pictureanalysis\pointcloudmanager\pointcloudmanager\debug\pointclo.0a75e7f0.tlog\cl.command.1.tlog
i:\code\qtprojects\implementacja\repo\pictureanalysis\pointcloudmanager\pointcloudmanager\debug\pointclo.0a75e7f0.tlog\cl.read.1.tlog
i:\code\qtprojects\implementacja\repo\pictureanalysis\pointcloudmanager\pointcloudmanager\debug\pointclo.0a75e7f0.tlog\cl.write.1.tlog
i:\code\qtprojects\implementacja\repo\pictureanalysis\pointcloudmanager\pointcloudmanager\debug\pointclo.0a75e7f0.tlog\link-cvtres.read.1.tlog
i:\code\qtprojects\implementacja\repo\pictureanalysis\pointcloudmanager\pointcloudmanager\debug\pointclo.0a75e7f0.tlog\link-cvtres.write.1.tlog
i:\code\qtprojects\implementacja\repo\pictureanalysis\pointcloudmanager\pointcloudmanager\debug\pointclo.0a75e7f0.tlog\link-rc.read.1.tlog
i:\code\qtprojects\implementacja\repo\pictureanalysis\pointcloudmanager\pointcloudmanager\debug\pointclo.0a75e7f0.tlog\link-rc.write.1.tlog
i:\code\qtprojects\implementacja\repo\pictureanalysis\pointcloudmanager\pointcloudmanager\debug\pointclo.0a75e7f0.tlog\link.command.1.tlog
i:\code\qtprojects\implementacja\repo\pictureanalysis\pointcloudmanager\pointcloudmanager\debug\pointclo.0a75e7f0.tlog\link.read.1.tlog
i:\code\qtprojects\implementacja\repo\pictureanalysis\pointcloudmanager\pointcloudmanager\debug\pointclo.0a75e7f0.tlog\link.write.1.tlog
