Build started 2016-06-05 22:09:28.
     1>Project "E:\Studia\IP\Repo\PictureAnalysis\PointCloudManager\PointCloudManager\PointCloudManager.vcxproj" on node 2 (Build target(s)).
     1>ClCompile:
         C:\Program Files (x86)\Microsoft Visual Studio 12.0\VC\bin\CL.exe /c /I"E:\Studia\IP\Repo\PictureAnalysis\PointCloudManager\packages\cpprestsdk.v120.windesktop.msvcstl.dyn.rt-dyn.2.8.0\build\native\include" /IE:\Studia\IP\Repo\PictureAnalysis\PointCloudManager\packages\libevent_vc120.2.1.4.0\build\native\include\ /ZI /nologo /W3 /WX- /Od /Oy- /D WIN32 /D _DEBUG /D _CONSOLE /D _LIB /D _UNICODE /D UNICODE /Gm /EHsc /RTC1 /MDd /GS /fp:precise /Zc:wchar_t /Zc:forScope /Fo"Debug\\" /Fd"Debug\vc120.pdb" /Gd /TP /analyze- /errorReport:prompt LocalisationDataConverter.cpp main.cpp PlyFilesManager.cpp Point.cpp RestManager.cpp ServerSetup.cpp VolumeCounter.cpp
         VolumeCounter.cpp
         ServerSetup.cpp
     1>e:\studia\ip\repo\pictureanalysis\pointcloudmanager\pointcloudmanager\serversetup.h(1): warning C4067: unexpected tokens following preprocessor directive - expected a newline
         RestManager.cpp
         Point.cpp
         PlyFilesManager.cpp
         main.cpp
     1>e:\studia\ip\repo\pictureanalysis\pointcloudmanager\pointcloudmanager\serversetup.h(1): warning C4067: unexpected tokens following preprocessor directive - expected a newline
         LocalisationDataConverter.cpp
         Generating Code...
       Link:
         C:\Program Files (x86)\Microsoft Visual Studio 12.0\VC\bin\link.exe /ERRORREPORT:PROMPT /OUT:"E:\Studia\IP\Repo\PictureAnalysis\PointCloudManager\Debug\PointCloudManager.exe" /INCREMENTAL /NOLOGO /LIBPATH:E:\Studia\IP\Repo\PictureAnalysis\PointCloudManager\packages\libevent_vc120.2.1.4.0\build\native\bin\ "E:\Studia\IP\Repo\PictureAnalysis\PointCloudManager\packages\cpprestsdk.v120.windesktop.msvcstl.dyn.rt-dyn.2.8.0\build\native\..\..\lib\native\v120\windesktop\msvcstl\dyn\rt-dyn\x86\Debug\cpprest120d_2_8.lib" "libevent-x86-v120-mt-sgd-2_1_4_0.lib" ws2_32.lib kernel32.lib user32.lib gdi32.lib winspool.lib comdlg32.lib advapi32.lib shell32.lib ole32.lib oleaut32.lib uuid.lib odbc32.lib odbccp32.lib /MANIFEST /MANIFESTUAC:"level='asInvoker' uiAccess='false'" /manifest:embed /DEBUG /PDB:"E:\Studia\IP\Repo\PictureAnalysis\PointCloudManager\Debug\PointCloudManager.pdb" /SUBSYSTEM:CONSOLE /TLBID:1 /DYNAMICBASE /NXCOMPAT /IMPLIB:"E:\Studia\IP\Repo\PictureAnalysis\PointCloudManager\Debug\PointCloudManager.lib" /MACHINE:X86 Debug\LocalisationDataConverter.obj
         Debug\main.obj
         Debug\PlyFilesManager.obj
         Debug\Point.obj
         Debug\RestManager.obj
         Debug\ServerSetup.obj
         Debug\VolumeCounter.obj
         PointCloudManager.vcxproj -> E:\Studia\IP\Repo\PictureAnalysis\PointCloudManager\Debug\PointCloudManager.exe
     1>Done Building Project "E:\Studia\IP\Repo\PictureAnalysis\PointCloudManager\PointCloudManager\PointCloudManager.vcxproj" (Build target(s)).

Build succeeded.

Time Elapsed 00:00:13.57
