i:\code\qtprojects\implementacja\repo\pictureanalysis\pointcloudmanager\pointcloudmanager\release\vc140.pdb
i:\code\qtprojects\implementacja\repo\pictureanalysis\pointcloudmanager\pointcloudmanager\release\volumecounter.obj
i:\code\qtprojects\implementacja\repo\pictureanalysis\pointcloudmanager\pointcloudmanager\release\utmcalculation.obj
i:\code\qtprojects\implementacja\repo\pictureanalysis\pointcloudmanager\pointcloudmanager\release\restmanager.obj
i:\code\qtprojects\implementacja\repo\pictureanalysis\pointcloudmanager\pointcloudmanager\release\point.obj
i:\code\qtprojects\implementacja\repo\pictureanalysis\pointcloudmanager\pointcloudmanager\release\plyfilesmanager.obj
i:\code\qtprojects\implementacja\repo\pictureanalysis\pointcloudmanager\pointcloudmanager\release\main.obj
i:\code\qtprojects\implementacja\repo\pictureanalysis\pointcloudmanager\pointcloudmanager\release\localisationdataconverter.obj
i:\code\qtprojects\implementacja\repo\pictureanalysis\pointcloudmanager\pointcloudmanager\release\utmpoint.obj
i:\code\qtprojects\implementacja\repo\pictureanalysis\pointcloudmanager\pointcloudmanager\release\utmcalculations.obj
i:\code\qtprojects\implementacja\repo\pictureanalysis\pointcloudmanager\pointcloudmanager\release\utm.obj
i:\code\qtprojects\implementacja\repo\pictureanalysis\pointcloudmanager\pointcloudmanager\release\originalselection.obj
i:\code\qtprojects\implementacja\repo\pictureanalysis\pointcloudmanager\pointcloudmanager\release\elipsoid.obj
i:\code\qtprojects\implementacja\repo\pictureanalysis\pointcloudmanager\pointcloudmanager\release\rply.obj
i:\code\qtprojects\implementacja\repo\pictureanalysis\pointcloudmanager\release\pointcloudmanager.exe
i:\code\qtprojects\implementacja\repo\pictureanalysis\pointcloudmanager\pointcloudmanager\release\pointclo.0a75e7f0.tlog\cl.command.1.tlog
i:\code\qtprojects\implementacja\repo\pictureanalysis\pointcloudmanager\pointcloudmanager\release\pointclo.0a75e7f0.tlog\cl.read.1.tlog
i:\code\qtprojects\implementacja\repo\pictureanalysis\pointcloudmanager\pointcloudmanager\release\pointclo.0a75e7f0.tlog\cl.write.1.tlog
i:\code\qtprojects\implementacja\repo\pictureanalysis\pointcloudmanager\pointcloudmanager\release\pointclo.0a75e7f0.tlog\link.command.1.tlog
i:\code\qtprojects\implementacja\repo\pictureanalysis\pointcloudmanager\pointcloudmanager\release\pointclo.0a75e7f0.tlog\link.read.1.tlog
i:\code\qtprojects\implementacja\repo\pictureanalysis\pointcloudmanager\pointcloudmanager\release\pointclo.0a75e7f0.tlog\link.write.1.tlog
